  [1m[36m (354.9ms)[0m  [1mCREATE TABLE "schema_migrations" ("version" character varying(255) NOT NULL) [0m
  [1m[35m (68.3ms)[0m  CREATE UNIQUE INDEX "unique_schema_migrations" ON "schema_migrations" ("version")
  [1m[36mActiveRecord::SchemaMigration Load (16.4ms)[0m  [1mSELECT "schema_migrations".* FROM "schema_migrations"[0m
Migrating to CreateListings (20140410140710)
  [1m[35m (0.3ms)[0m  BEGIN
  [1m[36m (266.2ms)[0m  [1mCREATE TABLE "listings" ("id" serial primary key, "name" character varying(255) NOT NULL, "slug" character varying(255) NOT NULL, "price" decimal(8,2), "created_at" timestamp, "updated_at" timestamp) [0m
  [1m[35mSQL (48.8ms)[0m  INSERT INTO "schema_migrations" ("version") VALUES ($1)  [["version", "20140410140710"]]
  [1m[36m (1.3ms)[0m  [1mCOMMIT[0m
  [1m[35mActiveRecord::SchemaMigration Load (0.3ms)[0m  SELECT "schema_migrations".* FROM "schema_migrations"


Started GET "/" for 127.0.0.1 at 2014-04-10 10:29:20 -0400
  [1m[36mActiveRecord::SchemaMigration Load (68.1ms)[0m  [1mSELECT "schema_migrations".* FROM "schema_migrations"[0m

ActionController::RoutingError (uninitialized constant WelcomeController):
  activesupport (4.0.3) lib/active_support/inflector/methods.rb:226:in `const_get'
  activesupport (4.0.3) lib/active_support/inflector/methods.rb:226:in `block in constantize'
  activesupport (4.0.3) lib/active_support/inflector/methods.rb:224:in `each'
  activesupport (4.0.3) lib/active_support/inflector/methods.rb:224:in `inject'
  activesupport (4.0.3) lib/active_support/inflector/methods.rb:224:in `constantize'
  actionpack (4.0.3) lib/action_dispatch/routing/route_set.rb:76:in `controller_reference'
  actionpack (4.0.3) lib/action_dispatch/routing/route_set.rb:66:in `controller'
  actionpack (4.0.3) lib/action_dispatch/routing/route_set.rb:44:in `call'
  actionpack (4.0.3) lib/action_dispatch/journey/router.rb:71:in `block in call'
  actionpack (4.0.3) lib/action_dispatch/journey/router.rb:59:in `each'
  actionpack (4.0.3) lib/action_dispatch/journey/router.rb:59:in `call'
  actionpack (4.0.3) lib/action_dispatch/routing/route_set.rb:680:in `call'
  rack (1.5.2) lib/rack/etag.rb:23:in `call'
  rack (1.5.2) lib/rack/conditionalget.rb:25:in `call'
  rack (1.5.2) lib/rack/head.rb:11:in `call'
  actionpack (4.0.3) lib/action_dispatch/middleware/params_parser.rb:27:in `call'
  actionpack (4.0.3) lib/action_dispatch/middleware/flash.rb:241:in `call'
  rack (1.5.2) lib/rack/session/abstract/id.rb:225:in `context'
  rack (1.5.2) lib/rack/session/abstract/id.rb:220:in `call'
  actionpack (4.0.3) lib/action_dispatch/middleware/cookies.rb:486:in `call'
  activerecord (4.0.3) lib/active_record/query_cache.rb:36:in `call'
  activerecord (4.0.3) lib/active_record/connection_adapters/abstract/connection_pool.rb:626:in `call'
  activerecord (4.0.3) lib/active_record/migration.rb:369:in `call'
  actionpack (4.0.3) lib/action_dispatch/middleware/callbacks.rb:29:in `block in call'
  activesupport (4.0.3) lib/active_support/callbacks.rb:373:in `_run__4092511304359626074__call__callbacks'
  activesupport (4.0.3) lib/active_support/callbacks.rb:80:in `run_callbacks'
  actionpack (4.0.3) lib/action_dispatch/middleware/callbacks.rb:27:in `call'
  actionpack (4.0.3) lib/action_dispatch/middleware/reloader.rb:64:in `call'
  actionpack (4.0.3) lib/action_dispatch/middleware/remote_ip.rb:76:in `call'
  actionpack (4.0.3) lib/action_dispatch/middleware/debug_exceptions.rb:17:in `call'
  actionpack (4.0.3) lib/action_dispatch/middleware/show_exceptions.rb:30:in `call'
  railties (4.0.3) lib/rails/rack/logger.rb:38:in `call_app'
  railties (4.0.3) lib/rails/rack/logger.rb:20:in `block in call'
  activesupport (4.0.3) lib/active_support/tagged_logging.rb:67:in `block in tagged'
  activesupport (4.0.3) lib/active_support/tagged_logging.rb:25:in `tagged'
  activesupport (4.0.3) lib/active_support/tagged_logging.rb:67:in `tagged'
  railties (4.0.3) lib/rails/rack/logger.rb:20:in `call'
  actionpack (4.0.3) lib/action_dispatch/middleware/request_id.rb:21:in `call'
  rack (1.5.2) lib/rack/methodoverride.rb:21:in `call'
  rack (1.5.2) lib/rack/runtime.rb:17:in `call'
  activesupport (4.0.3) lib/active_support/cache/strategy/local_cache.rb:83:in `call'
  rack (1.5.2) lib/rack/lock.rb:17:in `call'
  actionpack (4.0.3) lib/action_dispatch/middleware/static.rb:64:in `call'
  rack (1.5.2) lib/rack/sendfile.rb:112:in `call'
  railties (4.0.3) lib/rails/engine.rb:511:in `call'
  railties (4.0.3) lib/rails/application.rb:97:in `call'
  /Users/jasonswett/Library/Application Support/Pow/Versions/0.4.1/node_modules/nack/lib/nack/server.rb:145:in `handle'
  /Users/jasonswett/Library/Application Support/Pow/Versions/0.4.1/node_modules/nack/lib/nack/server.rb:99:in `rescue in block (2 levels) in start'
  /Users/jasonswett/Library/Application Support/Pow/Versions/0.4.1/node_modules/nack/lib/nack/server.rb:96:in `block (2 levels) in start'
  /Users/jasonswett/Library/Application Support/Pow/Versions/0.4.1/node_modules/nack/lib/nack/server.rb:86:in `each'
  /Users/jasonswett/Library/Application Support/Pow/Versions/0.4.1/node_modules/nack/lib/nack/server.rb:86:in `block in start'
  /Users/jasonswett/Library/Application Support/Pow/Versions/0.4.1/node_modules/nack/lib/nack/server.rb:66:in `loop'
  /Users/jasonswett/Library/Application Support/Pow/Versions/0.4.1/node_modules/nack/lib/nack/server.rb:66:in `start'
  /Users/jasonswett/Library/Application Support/Pow/Versions/0.4.1/node_modules/nack/lib/nack/server.rb:13:in `run'
  /Users/jasonswett/Library/Application Support/Pow/Versions/0.4.1/node_modules/nack/bin/nack_worker:4:in `<main>'


  Rendered /Users/jasonswett/.rvm/gems/ruby-2.1.0/gems/actionpack-4.0.3/lib/action_dispatch/middleware/templates/rescues/_trace.erb (1.9ms)
  Rendered /Users/jasonswett/.rvm/gems/ruby-2.1.0/gems/actionpack-4.0.3/lib/action_dispatch/middleware/templates/routes/_route.html.erb (1.3ms)
  Rendered /Users/jasonswett/.rvm/gems/ruby-2.1.0/gems/actionpack-4.0.3/lib/action_dispatch/middleware/templates/routes/_table.html.erb (33.7ms)
  Rendered /Users/jasonswett/.rvm/gems/ruby-2.1.0/gems/actionpack-4.0.3/lib/action_dispatch/middleware/templates/rescues/routing_error.erb within rescues/layout (93.0ms)


Started GET "/" for 127.0.0.1 at 2014-04-10 10:29:57 -0400
Processing by Rails::WelcomeController#index as HTML
  Rendered /Users/jasonswett/.rvm/gems/ruby-2.1.0/gems/railties-4.0.3/lib/rails/templates/rails/welcome/index.html.erb (1.3ms)
Completed 200 OK in 86ms (Views: 5.3ms | ActiveRecord: 0.0ms)


Started GET "/listings/hawaii-bungalo" for 127.0.0.1 at 2014-04-10 10:30:05 -0400
Processing by ListingsController#show as HTML
  Parameters: {"slug"=>"hawaii-bungalo"}
  Rendered listings/show.html.erb within layouts/application (80.7ms)
Completed 500 Internal Server Error in 360ms

ActionView::Template::Error (undefined method `edit_listing_path' for #<#<Class:0x000001038fe298>:0x000001038fd640>):
    15:   <%= @listing.price %>
    16: </p>
    17: 
    18: <%= link_to 'Edit', edit_listing_path(@listing) %> |
    19: <%= link_to 'Back', listings_path %>
  app/views/listings/show.html.erb:18:in `_app_views_listings_show_html_erb___3240444806249816204_2177360380'


  Rendered /Users/jasonswett/.rvm/gems/ruby-2.1.0/gems/actionpack-4.0.3/lib/action_dispatch/middleware/templates/rescues/_trace.erb (2.7ms)
  Rendered /Users/jasonswett/.rvm/gems/ruby-2.1.0/gems/actionpack-4.0.3/lib/action_dispatch/middleware/templates/rescues/_request_and_response.erb (1.8ms)
  Rendered /Users/jasonswett/.rvm/gems/ruby-2.1.0/gems/actionpack-4.0.3/lib/action_dispatch/middleware/templates/rescues/template_error.erb within rescues/layout (59.6ms)


Started GET "/listings/hawaii-bungalo.json" for 127.0.0.1 at 2014-04-10 10:30:15 -0400
Processing by ListingsController#show as JSON
  Parameters: {"slug"=>"hawaii-bungalo"}
  Rendered listings/show.json.jbuilder (74.5ms)
Completed 200 OK in 99ms (Views: 98.5ms | ActiveRecord: 0.0ms)


Started GET "/listings/hawaii-bungalo.json" for 127.0.0.1 at 2014-04-10 10:30:42 -0400
Processing by ListingsController#show as JSON
  Parameters: {"slug"=>"hawaii-bungalo"}
  Rendered listings/show.json.jbuilder (0.8ms)
Completed 200 OK in 6ms (Views: 5.6ms | ActiveRecord: 0.0ms)


Started GET "/listings/hawaii-bungalo.json" for 127.0.0.1 at 2014-04-10 10:31:02 -0400
Processing by ListingsController#show as JSON
  Parameters: {"slug"=>"hawaii-bungalo"}
  Rendered listings/show.json.jbuilder (0.7ms)
Completed 200 OK in 4ms (Views: 3.5ms | ActiveRecord: 0.0ms)


Started GET "/listings/hawaii-bungalo.json" for 127.0.0.1 at 2014-04-10 10:32:54 -0400
Processing by ListingsController#show as JSON
  Parameters: {"slug"=>"hawaii-bungalo"}
  Rendered listings/show.json.jbuilder (0.3ms)
Completed 200 OK in 4ms (Views: 3.0ms | ActiveRecord: 0.0ms)


Started GET "/listings/hawaii-bungalo.json" for 127.0.0.1 at 2014-04-10 10:33:01 -0400
Processing by ListingsController#show as JSON
  Parameters: {"slug"=>"hawaii-bungalo"}
  Rendered listings/show.json.jbuilder (0.3ms)
Completed 200 OK in 3ms (Views: 2.8ms | ActiveRecord: 0.0ms)


Started GET "/listings/hawaii-bungalo.json" for 127.0.0.1 at 2014-04-10 10:34:39 -0400
Processing by ListingsController#show as JSON
  Parameters: {"slug"=>"hawaii-bungalo"}
  Rendered listings/show.json.jbuilder (1.5ms)
Completed 500 Internal Server Error in 5ms

ActionView::Template::Error (undefined method `name' for nil:NilClass):
    1: json.extract! @listingz, :name, :price
  app/views/listings/show.json.jbuilder:1:in `_app_views_listings_show_json_jbuilder___3342607189089869913_2177935760'


  Rendered /Users/jasonswett/.rvm/gems/ruby-2.1.0/gems/actionpack-4.0.3/lib/action_dispatch/middleware/templates/rescues/_trace.erb (2.1ms)
  Rendered /Users/jasonswett/.rvm/gems/ruby-2.1.0/gems/actionpack-4.0.3/lib/action_dispatch/middleware/templates/rescues/_request_and_response.erb (1.5ms)
  Rendered /Users/jasonswett/.rvm/gems/ruby-2.1.0/gems/actionpack-4.0.3/lib/action_dispatch/middleware/templates/rescues/template_error.erb within rescues/layout (23.0ms)


Started GET "/listings/hawaii-bungalo.json" for 127.0.0.1 at 2014-04-10 10:34:59 -0400
Processing by ListingsController#show as JSON
  Parameters: {"slug"=>"hawaii-bungalo"}
Completed 500 Internal Server Error in 92ms

NameError (undefined local variable or method `asdf' for #<ListingsController:0x00000104c85938>):
  app/controllers/listings_controller.rb:10:in `show'


  Rendered /Users/jasonswett/.rvm/gems/ruby-2.1.0/gems/actionpack-4.0.3/lib/action_dispatch/middleware/templates/rescues/_source.erb (1.2ms)
  Rendered /Users/jasonswett/.rvm/gems/ruby-2.1.0/gems/actionpack-4.0.3/lib/action_dispatch/middleware/templates/rescues/_trace.erb (1.9ms)
  Rendered /Users/jasonswett/.rvm/gems/ruby-2.1.0/gems/actionpack-4.0.3/lib/action_dispatch/middleware/templates/rescues/_request_and_response.erb (1.5ms)
  Rendered /Users/jasonswett/.rvm/gems/ruby-2.1.0/gems/actionpack-4.0.3/lib/action_dispatch/middleware/templates/rescues/diagnostics.erb within rescues/layout (35.6ms)


Started GET "/listings/hawaii-bungalo.json" for 127.0.0.1 at 2014-04-10 10:39:24 -0400
Processing by ListingsController#show as JSON
  Parameters: {"slug"=>"hawaii-bungalo"}
  Rendered listings/show.json.jbuilder (0.9ms)
Completed 200 OK in 83ms (Views: 4.0ms | ActiveRecord: 69.7ms)
